<?xml version="1.0" encoding="UTF-8"?>
<!-- Generated by org.testng.reporters.JUnitReportReporter -->
<testsuite hostname="DESKTOP-31SBKRK" failures="0" tests="1" name="testngpkg.Copypaste" time="1.178" errors="0" timestamp="2023-10-19T21:47:46 IST" skipped="0">
  <testcase classname="testngpkg.Copypaste" name="test" time="1.178"/>
  <system-out/>
</testsuite> <!-- testngpkg.Copypaste -->
