<?xml version="1.0" encoding="UTF-8"?>
<!-- Generated by org.testng.reporters.JUnitReportReporter -->
<testsuite hostname="DESKTOP-31SBKRK" failures="0" tests="1" name="testngpkg.Fileuploadrobot" time="7.509" errors="0" timestamp="2023-10-26T14:47:25 IST" skipped="0">
  <testcase classname="testngpkg.Fileuploadrobot" name="fileUpload" time="7.509"/>
  <system-out/>
</testsuite> <!-- testngpkg.Fileuploadrobot -->
