<?xml version="1.0" encoding="UTF-8"?>
<!-- Generated by org.testng.reporters.JUnitReportReporter -->
<testsuite hostname="DESKTOP-31SBKRK" failures="0" tests="1" name="testngpkg.Amazoncart" time="24.603" errors="0" timestamp="2023-10-30T22:42:00 IST" skipped="0">
  <testcase classname="testngpkg.Amazoncart" name="test" time="24.603"/>
  <system-out/>
</testsuite> <!-- testngpkg.Amazoncart -->
