<?xml version="1.0" encoding="UTF-8"?>
<!-- Generated by org.testng.reporters.JUnitReportReporter -->
<testsuite hostname="DESKTOP-31SBKRK" failures="0" tests="1" name="testngpkg.Windowhandlers" time="17.601" errors="0" timestamp="2023-10-29T19:01:25 IST" skipped="0">
  <testcase classname="testngpkg.Windowhandlers" name="test" time="17.601"/>
  <system-out/>
</testsuite> <!-- testngpkg.Windowhandlers -->
