<?xml version="1.0" encoding="UTF-8"?>
<!-- Generated by org.testng.reporters.JUnitReportReporter -->
<testsuite hostname="DESKTOP-31SBKRK" failures="0" tests="1" name="testngpkg.Datadriven" time="8.073" errors="0" timestamp="2023-10-27T15:41:03 IST" skipped="0">
  <testcase classname="testngpkg.Datadriven" name="test" time="8.073"/>
  <system-out/>
</testsuite> <!-- testngpkg.Datadriven -->
