<?xml version="1.0" encoding="UTF-8"?>
<!-- Generated by org.testng.reporters.JUnitReportReporter -->
<testsuite hostname="DESKTOP-31SBKRK" failures="0" tests="2" name="testpkg.Fblogintest" time="6.931" errors="0" timestamp="2023-11-02T13:33:16 IST" skipped="0">
  <testcase classname="testpkg.Fblogintest" name="test" time="3.111"/>
  <system-out/>
  <testcase classname="testpkg.Fblogintest" name="test1" time="3.820"/>
  <system-out/>
</testsuite> <!-- testpkg.Fblogintest -->
