<?xml version="1.0" encoding="UTF-8"?>
<!-- Generated by org.testng.reporters.JUnitReportReporter -->
<testsuite hostname="DESKTOP-31SBKRK" failures="0" tests="1" name="testngpkg.Fileupload" time="2.689" errors="0" timestamp="2023-10-26T10:10:52 IST" skipped="0">
  <testcase classname="testngpkg.Fileupload" name="test" time="2.689"/>
  <system-out/>
</testsuite> <!-- testngpkg.Fileupload -->
