<?xml version="1.0" encoding="UTF-8"?>
<!-- Generated by org.testng.reporters.JUnitReportReporter -->
<testsuite hostname="DESKTOP-31SBKRK" failures="0" tests="1" name="testngpkg.Dragdown" time="2.219" errors="0" timestamp="2023-10-19T22:22:26 IST" skipped="0">
  <testcase classname="testngpkg.Dragdown" name="test" time="2.219"/>
  <system-out/>
</testsuite> <!-- testngpkg.Dragdown -->
