<?xml version="1.0" encoding="UTF-8"?>
<!-- Generated by org.testng.reporters.JUnitReportReporter -->
<testsuite hostname="DESKTOP-31SBKRK" failures="0" tests="1" name="testngpkg.Parametertest" time="0.024" errors="0" timestamp="2023-10-18T15:25:51 IST" skipped="0">
  <testcase classname="testngpkg.Parametertest" name="test" time="0.024"/>
  <system-out/>
</testsuite> <!-- testngpkg.Parametertest -->
