<?xml version="1.0" encoding="UTF-8"?>
<!-- Generated by org.testng.reporters.JUnitReportReporter -->
<testsuite hostname="DESKTOP-31SBKRK" failures="0" tests="1" name="testngpkg.Datepicker" time="1.934" errors="0" timestamp="2023-10-30T15:13:17 IST" skipped="0">
  <testcase classname="testngpkg.Datepicker" name="test" time="1.934"/>
  <system-out/>
</testsuite> <!-- testngpkg.Datepicker -->
