<?xml version="1.0" encoding="UTF-8"?>
<!-- Generated by org.testng.reporters.JUnitReportReporter -->
<testsuite hostname="DESKTOP-31SBKRK" failures="0" tests="1" name="testngpkg.FBlogin" time="21.014" errors="0" timestamp="2023-10-19T17:16:52 IST" skipped="0">
  <testcase classname="testngpkg.FBlogin" name="login" time="21.014"/>
  <system-out/>
</testsuite> <!-- testngpkg.FBlogin -->
