<?xml version="1.0" encoding="UTF-8"?>
<!-- Generated by org.testng.reporters.JUnitReportReporter -->
<testsuite hostname="DESKTOP-31SBKRK" failures="0" tests="1" name="testngpkg.RightanddoubleClick" time="2.383" errors="0" timestamp="2023-10-24T13:27:26 IST" skipped="0">
  <testcase classname="testngpkg.RightanddoubleClick" name="test" time="2.383"/>
  <system-out/>
</testsuite> <!-- testngpkg.RightanddoubleClick -->
