<?xml version="1.0" encoding="UTF-8"?>
<!-- Generated by org.testng.reporters.JUnitReportReporter -->
<testsuite hostname="DESKTOP-31SBKRK" failures="0" tests="4" name="testngpkg.TestNGdemo" time="0.020" errors="0" timestamp="2023-10-18T15:25:13 IST" skipped="0">
  <testcase classname="testngpkg.TestNGdemo" name="test2" time="0.004"/>
  <system-out/>
  <testcase classname="testngpkg.TestNGdemo" name="test4" time="0.003"/>
  <system-out/>
  <testcase classname="testngpkg.TestNGdemo" name="test3" time="0.003"/>
  <system-out/>
  <testcase classname="testngpkg.TestNGdemo" name="test1" time="0.010"/>
  <system-out/>
</testsuite> <!-- testngpkg.TestNGdemo -->
