<?xml version="1.0" encoding="UTF-8"?>
<!-- Generated by org.testng.reporters.JUnitReportReporter -->
<testsuite hostname="DESKTOP-31SBKRK" failures="0" tests="1" name="testngpkg.Assertionpgm" time="0.023" errors="0" timestamp="2023-10-31T14:21:07 IST" skipped="0">
  <testcase classname="testngpkg.Assertionpgm" name="test" time="0.023"/>
  <system-out/>
</testsuite> <!-- testngpkg.Assertionpgm -->
