<?xml version="1.0" encoding="UTF-8"?>
<!-- Generated by org.testng.reporters.JUnitReportReporter -->
<testsuite hostname="DESKTOP-31SBKRK" failures="0" tests="1" name="testngpkg.Mouseoverpgm" time="5.694" errors="0" timestamp="2023-11-14T22:45:55 IST" skipped="0">
  <testcase classname="testngpkg.Mouseoverpgm" name="test" time="5.694"/>
  <system-out/>
</testsuite> <!-- testngpkg.Mouseoverpgm -->
