<?xml version="1.0" encoding="UTF-8"?>
<!-- Generated by org.testng.reporters.JUnitReportReporter -->
<testsuite hostname="DESKTOP-31SBKRK" failures="0" tests="1" name="testngpkg.Bookingcomdatepicker" time="6.419" errors="0" timestamp="2023-10-31T18:26:59 IST" skipped="0">
  <testcase classname="testngpkg.Bookingcomdatepicker" name="test" time="6.419"/>
  <system-out/>
</testsuite> <!-- testngpkg.Bookingcomdatepicker -->
