<?xml version="1.0" encoding="UTF-8"?>
<!-- Generated by org.testng.reporters.JUnitReportReporter -->
<testsuite hostname="DESKTOP-31SBKRK" failures="0" tests="1" name="testngpkg.ChromeNotificationsdisable" time="6.556" errors="0" timestamp="2023-10-28T19:46:23 IST" skipped="0">
  <testcase classname="testngpkg.ChromeNotificationsdisable" name="test" time="6.556"/>
  <system-out/>
</testsuite> <!-- testngpkg.ChromeNotificationsdisable -->
