<?xml version="1.0" encoding="UTF-8"?>
<!-- Generated by org.testng.reporters.JUnitReportReporter -->
<testsuite hostname="DESKTOP-31SBKRK" failures="0" tests="3" name="testngpkg.Crossbrowsertesting" time="73.775" errors="0" timestamp="2023-10-25T15:03:48 IST" skipped="0">
  <testcase classname="testngpkg.Crossbrowsertesting" name="test" time="4.442"/>
  <system-out/>
  <testcase classname="testngpkg.Crossbrowsertesting" name="test" time="22.595"/>
  <system-out/>
  <testcase classname="testngpkg.Crossbrowsertesting" name="test" time="46.738"/>
  <system-out/>
</testsuite> <!-- testngpkg.Crossbrowsertesting -->
